TN:
SF:script/DeployDSC.s.sol
DA:14,26
FN:14,DeployDSC.run
FNDA:26,DeployDSC.run
DA:15,26
DA:17,26
DA:18,26
DA:24,26
DA:25,26
DA:54,26
DA:55,26
DA:56,26
DA:57,26
DA:58,26
DA:59,26
FNF:1
FNH:1
LF:12
LH:12
BRF:0
BRH:0
end_of_record
TN:
SF:script/HelperConfig.s.sol
DA:26,26
FN:26,HelperConfig.constructor
FNDA:26,HelperConfig.constructor
DA:27,26
BRDA:27,0,0,-
BRDA:27,0,1,26
DA:28,0
DA:30,26
DA:34,0
FN:34,HelperConfig.getSepoliaConfig
FNDA:0,HelperConfig.getSepoliaConfig
DA:35,0
DA:51,26
FN:51,HelperConfig.getOrCreatAnvilEthConfig
FNDA:26,HelperConfig.getOrCreatAnvilEthConfig
DA:52,26
BRDA:52,1,0,-
DA:53,0
DA:56,26
DA:57,26
DA:58,26
DA:60,26
DA:61,26
DA:62,26
DA:64,26
FNF:3
FNH:2
LF:16
LH:12
BRF:3
BRH:1
end_of_record
TN:
SF:src/DSCEngine.sol
DA:100,6
FN:100,DSCEngine.moreThanZero
FNDA:6,DSCEngine.moreThanZero
DA:101,6
BRDA:101,0,0,1
DA:102,1
DA:107,25
FN:107,DSCEngine.isAllowedToken
FNDA:25,DSCEngine.isAllowedToken
DA:108,25
BRDA:108,1,0,1
DA:109,1
DA:117,27
FN:117,DSCEngine.constructor
FNDA:27,DSCEngine.constructor
DA:120,27
BRDA:120,2,0,1
DA:121,1
DA:124,26
DA:125,52
DA:126,52
DA:128,26
DA:149,15
FN:149,DSCEngine.depositCollateralAndMintDsc
FNDA:15,DSCEngine.depositCollateralAndMintDsc
DA:154,15
DA:155,15
DA:163,11
FN:163,DSCEngine.depositCollateral
FNDA:11,DSCEngine.depositCollateral
DA:172,24
DA:180,24
DA:183,24
DA:184,24
BRDA:184,3,0,1
DA:185,1
DA:195,2
FN:195,DSCEngine.redeemCollateralForDsc
FNDA:2,DSCEngine.redeemCollateralForDsc
DA:199,1
DA:200,1
DA:214,2
FN:214,DSCEngine.redeemCollateral
FNDA:2,DSCEngine.redeemCollateral
DA:219,2
DA:220,2
DA:228,5
FN:228,DSCEngine.mintDsc
FNDA:5,DSCEngine.mintDsc
DA:229,19
DA:231,19
DA:232,17
DA:233,17
BRDA:233,4,0,1
DA:234,1
DA:238,3
FN:238,DSCEngine.burnDsc
FNDA:3,DSCEngine.burnDsc
DA:239,3
DA:241,2
DA:269,6
FN:269,DSCEngine.liquidate
FNDA:6,DSCEngine.liquidate
DA:275,5
DA:276,5
BRDA:276,5,0,1
DA:277,1
DA:282,4
DA:288,4
DA:289,4
DA:290,4
DA:292,4
DA:295,4
DA:296,4
BRDA:296,6,0,-
DA:297,0
DA:299,4
DA:311,7
FN:311,DSCEngine._burnDsc
FNDA:7,DSCEngine._burnDsc
DA:312,7
DA:313,6
DA:315,6
BRDA:315,7,0,-
DA:316,0
DA:318,6
DA:321,6
FN:321,DSCEngine._redeemCollateral
FNDA:6,DSCEngine._redeemCollateral
DA:326,6
DA:327,6
DA:329,6
DA:330,6
BRDA:330,8,0,-
DA:331,0
DA:335,45
FN:335,DSCEngine._getAccountInformation
FNDA:45,DSCEngine._getAccountInformation
DA:340,45
DA:341,45
DA:349,40
FN:349,DSCEngine._healthFactor
FNDA:40,DSCEngine._healthFactor
DA:353,40
DA:354,40
BRDA:354,9,0,4
DA:355,4
DA:357,36
DA:358,36
DA:361,2
FN:361,DSCEngine._calculateHealthFactor
FNDA:2,DSCEngine._calculateHealthFactor
DA:374,2
DA:375,2
DA:376,2
DA:379,27
FN:379,DSCEngine._revertIfHealthFactorIsBroken
FNDA:27,DSCEngine._revertIfHealthFactorIsBroken
DA:383,27
DA:384,27
BRDA:384,11,0,2
DA:385,2
DA:393,6
FN:393,DSCEngine.getTokenAmountFromUsd
FNDA:6,DSCEngine.getTokenAmountFromUsd
DA:396,10
DA:397,10
DA:399,10
DA:402,0
FN:402,DSCEngine.getAccountCollateralValue
FNDA:0,DSCEngine.getAccountCollateralValue
DA:405,45
DA:406,90
DA:407,90
DA:408,90
DA:410,0
DA:413,5
FN:413,DSCEngine.getUsdValue
FNDA:5,DSCEngine.getUsdValue
DA:414,95
DA:415,95
DA:417,95
DA:425,5
FN:425,DSCEngine.getAccountInformation
FNDA:5,DSCEngine.getAccountInformation
DA:431,5
DA:434,4
FN:434,DSCEngine.getHealthFactor
FNDA:4,DSCEngine.getHealthFactor
DA:435,4
DA:438,2
FN:438,DSCEngine.getCollateralBalanceOfUser
FNDA:2,DSCEngine.getCollateralBalanceOfUser
DA:439,2
DA:442,2
FN:442,DSCEngine.calculateHealthFactor
FNDA:2,DSCEngine.calculateHealthFactor
DA:447,2
DA:450,2
FN:450,DSCEngine.getLiquidationBouns
FNDA:2,DSCEngine.getLiquidationBouns
DA:451,2
DA:454,2
FN:454,DSCEngine.getLiquidationPrecision
FNDA:2,DSCEngine.getLiquidationPrecision
DA:455,2
DA:458,1
FN:458,DSCEngine.getadditonalfeedprecison
FNDA:1,DSCEngine.getadditonalfeedprecison
DA:459,1
DA:462,1
FN:462,DSCEngine.getprecision
FNDA:1,DSCEngine.getprecision
DA:463,1
FNF:27
FNH:26
LF:109
LH:104
BRF:11
BRH:8
end_of_record
TN:
SF:src/DecentralizedStableCoin.sol
DA:49,6
FN:49,DecentralizedStableCoin.burn
FNDA:6,DecentralizedStableCoin.burn
DA:50,6
DA:51,6
BRDA:51,0,0,-
DA:52,0
DA:54,6
BRDA:54,1,0,-
DA:55,0
DA:57,6
DA:60,16
FN:60,DecentralizedStableCoin.mint
FNDA:16,DecentralizedStableCoin.mint
DA:63,16
BRDA:63,2,0,-
DA:64,0
DA:66,16
BRDA:66,3,0,-
DA:67,0
DA:69,16
DA:70,16
FNF:2
FNH:2
LF:14
LH:10
BRF:4
BRH:0
end_of_record
TN:
SF:test/mocks/ERC20Mock.sol
DA:9,53
FN:9,ERC20Mock.constructor
FNDA:53,ERC20Mock.constructor
DA:13,53
DA:16,30
FN:16,ERC20Mock.mint
FNDA:30,ERC20Mock.mint
DA:17,30
DA:20,0
FN:20,ERC20Mock.burn
FNDA:0,ERC20Mock.burn
DA:21,0
DA:24,0
FN:24,ERC20Mock.transferInternal
FNDA:0,ERC20Mock.transferInternal
DA:25,0
DA:28,0
FN:28,ERC20Mock.approveInternal
FNDA:0,ERC20Mock.approveInternal
DA:29,0
FNF:5
FNH:2
LF:10
LH:4
BRF:0
BRH:0
end_of_record
TN:
SF:test/mocks/MockMoreDebtDSC.sol
DA:58,0
FN:58,MockMoreDebtDSC.constructor
FNDA:0,MockMoreDebtDSC.constructor
DA:59,0
DA:62,0
FN:62,MockMoreDebtDSC.burn
FNDA:0,MockMoreDebtDSC.burn
DA:64,0
DA:65,0
DA:66,0
BRDA:66,0,0,-
DA:67,0
DA:69,0
BRDA:69,1,0,-
DA:70,0
DA:72,0
DA:75,0
FN:75,MockMoreDebtDSC.mint
FNDA:0,MockMoreDebtDSC.mint
DA:76,0
BRDA:76,2,0,-
DA:77,0
DA:79,0
BRDA:79,3,0,-
DA:80,0
DA:82,0
DA:83,0
FNF:3
FNH:0
LF:17
LH:0
BRF:4
BRH:0
end_of_record
TN:
SF:test/mocks/MocksV3Aggregator.sol
DA:24,52
FN:24,MockV3Aggregator.constructor
FNDA:52,MockV3Aggregator.constructor
DA:25,52
DA:26,52
DA:29,56
FN:29,MockV3Aggregator.updateAnswer
FNDA:56,MockV3Aggregator.updateAnswer
DA:30,56
DA:31,56
DA:32,56
DA:33,56
DA:34,56
DA:35,56
DA:38,0
FN:38,MockV3Aggregator.updateRoundData
FNDA:0,MockV3Aggregator.updateRoundData
DA:39,0
DA:40,0
DA:41,0
DA:42,0
DA:43,0
DA:44,0
DA:47,0
FN:47,MockV3Aggregator.getRoundData
FNDA:0,MockV3Aggregator.getRoundData
DA:52,0
DA:55,106
FN:55,MockV3Aggregator.latestRoundData
FNDA:106,MockV3Aggregator.latestRoundData
DA:60,106
DA:69,0
FN:69,MockV3Aggregator.description
FNDA:0,MockV3Aggregator.description
DA:70,0
FNF:6
FNH:3
LF:23
LH:12
BRF:0
BRH:0
end_of_record
